{"C:\\Users\\katia\\OneDrive\\Área de Trabalho\\Trilha Desenvolve Full-Stack\\SEMANA24 02_02\\node-testes\\index.js": {"path":"C:\\Users\\katia\\OneDrive\\Área de Trabalho\\Trilha Desenvolve Full-Stack\\SEMANA24 02_02\\node-testes\\index.js","statementMap":{"0":{"start":{"line":2,"column":24},"end":{"line":2,"column":81}},"1":{"start":{"line":2,"column":55},"end":{"line":2,"column":81}},"2":{"start":{"line":4,"column":25},"end":{"line":4,"column":68}},"3":{"start":{"line":4,"column":49},"end":{"line":4,"column":68}}},"fnMap":{"0":{"name":"(anonymous_0)","decl":{"start":{"line":2,"column":24},"end":{"line":2,"column":25}},"loc":{"start":{"line":2,"column":55},"end":{"line":2,"column":81}},"line":2},"1":{"name":"(anonymous_1)","decl":{"start":{"line":4,"column":25},"end":{"line":4,"column":26}},"loc":{"start":{"line":4,"column":49},"end":{"line":4,"column":68}},"line":4}},"branchMap":{},"s":{"0":1,"1":1,"2":1,"3":1},"f":{"0":1,"1":1},"b":{},"_coverageSchema":"1a1c01bbd47fc00a2c39e90264f33305004495a9","hash":"2b07c2d61ea4251f6c92bcb30647dc7e4d239794"}
}
